Using pre-set license
Built from '2020.2/release' branch; Version is '2020.2.1f1 (270dd8c3da1c) revision 2559448'; Using compiler version '192528614'; Build Type 'Release'
OS: 'Windows 10  (10.0.0) 64bit' Language: 'ko' Physical Memory: 8001 MB
BatchMode: 1, IsHumanControllingUs: 0, StartBugReporterOnCrash: 0, Is64bit: 1, IsPro: 0

 COMMAND LINE ARGUMENTS:
C:\Program Files\UnityEditor\Unity\Editor\Unity.exe
-adb2
-batchMode
-noUpm
-name
AssetImportWorker0
-projectPath
C:/Users/ybs68/Desktop/Start-up Project
-logFile
Logs/AssetImportWorker0.log
-srvPort
49959
Successfully changed project path to: C:/Users/ybs68/Desktop/Start-up Project
C:/Users/ybs68/Desktop/Start-up Project
Using Asset Import Pipeline V2.
Refreshing native plugins compatible for Editor in 152.58 ms, found 0 plugins.
Preloading 0 native plugins for Editor in 0.00 ms.
Initialize engine version: 2020.2.1f1 (270dd8c3da1c)
[Subsystems] Discovering subsystems at path C:/Program Files/UnityEditor/Unity/Editor/Data/Resources/UnitySubsystems
[Subsystems] Discovering subsystems at path C:/Users/ybs68/Desktop/Start-up Project/Assets
GfxDevice: creating device client; threaded=0
Direct3D:
    Version:  Direct3D 11.0 [level 11.1]
    Renderer: NVIDIA GeForce MX250 (ID=0x1d13)
    Vendor:   
    VRAM:     1983 MB
    Driver:   27.21.14.5167
Initialize mono
Mono path[0] = 'C:/Program Files/UnityEditor/Unity/Editor/Data/Managed'
Mono path[1] = 'C:/Program Files/UnityEditor/Unity/Editor/Data/MonoBleedingEdge/lib/mono/unityjit'
Mono config path = 'C:/Program Files/UnityEditor/Unity/Editor/Data/MonoBleedingEdge/etc'
Using monoOptions --debugger-agent=transport=dt_socket,embedding=1,server=y,suspend=n,address=127.0.0.1:56800
Begin MonoManager ReloadAssembly
Registering precompiled unity dll's ...
Register platform support module: C:/Program Files/UnityEditor/Unity/Editor/Data/PlaybackEngines/WindowsStandaloneSupport/UnityEditor.WindowsStandalone.Extensions.dll
Registered in 0.005894 seconds.
Native extension for WindowsStandalone target not found
Refreshing native plugins compatible for Editor in 80.76 ms, found 0 plugins.
Preloading 0 native plugins for Editor in 0.00 ms.
Invoked RoslynAnalysisRunner static constructor.
RoslynAnalysisRunner will not be running.
RoslynAnalysisRunner has terminated.
Mono: successfully reloaded assembly
- Completed reload, in  2.903 seconds
Platform modules already initialized, skipping
Registering precompiled user dll's ...
Registered in 0.019876 seconds.
Begin MonoManager ReloadAssembly
Native extension for WindowsStandalone target not found
Refreshing native plugins compatible for Editor in 2.24 ms, found 0 plugins.
Preloading 0 native plugins for Editor in 0.00 ms.
Invoked RoslynAnalysisRunner static constructor.
RoslynAnalysisRunner will not be running.
RoslynAnalysisRunner has terminated.
Mono: successfully reloaded assembly
- Completed reload, in  4.971 seconds
Platform modules already initialized, skipping
========================================================================
Worker process is ready to serve import requests
Launched and connected shader compiler UnityShaderCompiler.exe after 0.08 seconds
Refreshing native plugins compatible for Editor in 1.71 ms, found 0 plugins.
Preloading 0 native plugins for Editor in 0.00 ms.
Unloading 1542 Unused Serialized files (Serialized files now loaded: 0)
System memory in use before: 71.4 MB.
System memory in use after: 71.5 MB.

Unloading 39 unused Assets to reduce memory usage. Loaded Objects now: 1972.
Total: 4.926800 ms (FindLiveObjects: 0.360700 ms CreateObjectMapping: 0.145500 ms MarkObjects: 4.235100 ms  DeleteObjects: 0.181800 ms)

========================================================================
Received Import Request.
  path: Assets/Bolt 2D JellyFarm VE2/Sprites
  artifactKey: Guid(350932cf8d63c3749888c39ec9766d78) Importer(815301076,1909f56bfc062723c751e8b465ee728b)
Start importing Assets/Bolt 2D JellyFarm VE2/Sprites using Guid(350932cf8d63c3749888c39ec9766d78) Importer(815301076,1909f56bfc062723c751e8b465ee728b)  -> (artifact id: 'e53b4d7844c2273f92b2d1f161f6ece2') in 0.033352 seconds
  Import took 0.041357 seconds .

========================================================================
Received Import Request.
  Time since last request: 0.000616 seconds.
  path: Assets/Bolt 2D JellyFarm VE2/Audio
  artifactKey: Guid(b0aa3ec7f095f1e4588889c4c23b50a9) Importer(815301076,1909f56bfc062723c751e8b465ee728b)
Start importing Assets/Bolt 2D JellyFarm VE2/Audio using Guid(b0aa3ec7f095f1e4588889c4c23b50a9) Importer(815301076,1909f56bfc062723c751e8b465ee728b)  -> (artifact id: '1ae1645a4dafadb0a347f9235e2c1baf') in 0.050591 seconds
  Import took 0.061954 seconds .

========================================================================
Received Import Request.
  Time since last request: 0.000938 seconds.
  path: Assets/Bolt 2D JellyFarm VE2/Sprites/UI
  artifactKey: Guid(9206425fd46913f4d94e20dafc325d61) Importer(815301076,1909f56bfc062723c751e8b465ee728b)
Start importing Assets/Bolt 2D JellyFarm VE2/Sprites/UI using Guid(9206425fd46913f4d94e20dafc325d61) Importer(815301076,1909f56bfc062723c751e8b465ee728b)  -> (artifact id: '60265cb8cb92e01c5bebd60886291213') in 0.036274 seconds
  Import took 0.049067 seconds .

========================================================================
Received Import Request.
  Time since last request: 15.797675 seconds.
  path: Assets/Editor/Resources/OneLine
  artifactKey: Guid(2899f20c2b0e04040867def4bc7ee403) Importer(815301076,1909f56bfc062723c751e8b465ee728b)
Start importing Assets/Editor/Resources/OneLine using Guid(2899f20c2b0e04040867def4bc7ee403) Importer(815301076,1909f56bfc062723c751e8b465ee728b)  -> (artifact id: 'e37f0f5f9447272cc47488b6ee8a7b38') in 0.025636 seconds
  Import took 0.042186 seconds .

========================================================================
Received Import Request.
  Time since last request: 43.945473 seconds.
  path: Assets/TopDown 2D RPG BE3/Demo/Demo.unity
  artifactKey: Guid(b4b5e112b6b40ae4885800a5f955ee72) Importer(815301076,1909f56bfc062723c751e8b465ee728b)
Start importing Assets/TopDown 2D RPG BE3/Demo/Demo.unity using Guid(b4b5e112b6b40ae4885800a5f955ee72) Importer(815301076,1909f56bfc062723c751e8b465ee728b)  -> (artifact id: '8962ac9202f4f998072eccc18f25698f') in 0.054511 seconds
  Import took 0.062841 seconds .

========================================================================
Received Import Request.
  Time since last request: 4.359220 seconds.
  path: Assets/TopDown 2D RPG BE3/ReadMe/Icon.png
  artifactKey: Guid(71ded8f6cdc30b14aa6ff9cc311ed0c7) Importer(815301076,1909f56bfc062723c751e8b465ee728b)
Start importing Assets/TopDown 2D RPG BE3/ReadMe/Icon.png using Guid(71ded8f6cdc30b14aa6ff9cc311ed0c7) Importer(815301076,1909f56bfc062723c751e8b465ee728b)  -> (artifact id: '3614d83c397ebaf8c8abc14fc4d1af2a') in 0.325122 seconds
  Import took 0.334479 seconds .

========================================================================
Received Import Request.
  Time since last request: 1.125861 seconds.
  path: Assets/TopDown 2D RPG BE3/ReadMe/Scripts
  artifactKey: Guid(4017b55b36dbb0848a0f773d907f6399) Importer(815301076,1909f56bfc062723c751e8b465ee728b)
Start importing Assets/TopDown 2D RPG BE3/ReadMe/Scripts using Guid(4017b55b36dbb0848a0f773d907f6399) Importer(815301076,1909f56bfc062723c751e8b465ee728b)  -> (artifact id: 'fc2ba21b7a9bc89819160c49acc85855') in 0.035505 seconds
  Import took 0.065721 seconds .

========================================================================
Received Import Request.
  Time since last request: 0.006741 seconds.
  path: Assets/TopDown 2D RPG BE3/ReadMe/Scripts
  artifactKey: Guid(4017b55b36dbb0848a0f773d907f6399) Importer(815301076,1909f56bfc062723c751e8b465ee728b)
Start importing Assets/TopDown 2D RPG BE3/ReadMe/Scripts using Guid(4017b55b36dbb0848a0f773d907f6399) Importer(815301076,1909f56bfc062723c751e8b465ee728b)  -> (artifact id: 'fc2ba21b7a9bc89819160c49acc85855') in 0.026216 seconds
  Import took 0.043444 seconds .

========================================================================
Received Prepare
Registering precompiled user dll's ...
Registered in 0.027342 seconds.
Begin MonoManager ReloadAssembly
Native extension for WindowsStandalone target not found
Refreshing native plugins compatible for Editor in 1.31 ms, found 0 plugins.
Preloading 0 native plugins for Editor in 0.00 ms.
Invoked RoslynAnalysisRunner static constructor.
RoslynAnalysisRunner will not be running.
RoslynAnalysisRunner has terminated.
Mono: successfully reloaded assembly
- Completed reload, in  2.591 seconds
Platform modules already initialized, skipping
Refreshing native plugins compatible for Editor in 1.89 ms, found 0 plugins.
Preloading 0 native plugins for Editor in 0.00 ms.
Unloading 1519 Unused Serialized files (Serialized files now loaded: 0)
System memory in use before: 70.3 MB.
System memory in use after: 70.4 MB.

Unloading 30 unused Assets to reduce memory usage. Loaded Objects now: 1976.
Total: 9.510600 ms (FindLiveObjects: 0.953400 ms CreateObjectMapping: 0.390700 ms MarkObjects: 8.015400 ms  DeleteObjects: 0.144900 ms)

========================================================================
Received Import Request.
  Time since last request: 50.618327 seconds.
  path: Packages/st.one-line/package.json
  artifactKey: Guid(7329acdd5b21d584e819c6e836d77a76) Importer(815301076,1909f56bfc062723c751e8b465ee728b)
Start importing Packages/st.one-line/package.json using Guid(7329acdd5b21d584e819c6e836d77a76) Importer(815301076,1909f56bfc062723c751e8b465ee728b)  -> (artifact id: 'c4bac49f83efcb4961c9a51939da939d') in 0.085024 seconds
  Import took 0.094831 seconds .

========================================================================
Received Import Request.
  Time since last request: 0.114985 seconds.
  path: Packages/com.unity.purchasing/package.json
  artifactKey: Guid(44f39a74ca5ee4bf5936b17e901f251c) Importer(815301076,1909f56bfc062723c751e8b465ee728b)
Start importing Packages/com.unity.purchasing/package.json using Guid(44f39a74ca5ee4bf5936b17e901f251c) Importer(815301076,1909f56bfc062723c751e8b465ee728b)  -> (artifact id: 'ca3d7b8f211ca80f9c15f9a0ca884005') in 0.035152 seconds
  Import took 0.042242 seconds .

AssetImportWorkerClient::OnTransportError - code=2 error=End of file
